<?xml version="1.0" encoding="UTF-8"?>
<testsuite name="HelloTest" tests="1" skipped="0" failures="0" errors="0" timestamp="2020-08-29T17:28:06" hostname="LAPTOPDBERNARDO" time="0.01">
  <properties/>
  <testcase name="testGetHello" classname="HelloTest" time="0.01"/>
  <system-out><![CDATA[Antes de la prueba
Durante la prueba
Despues de la prueba
]]></system-out>
  <system-err><![CDATA[]]></system-err>
</testsuite>
